Arguments: 
  /home/tutuzera/.asdf/installs/nodejs/18.12.1/bin/node /home/tutuzera/.asdf/installs/nodejs/18.12.1/.npm/bin/yarn init

PATH: 
  /home/tutuzera/.asdf/plugins/nodejs/shims:/home/tutuzera/.asdf/installs/nodejs/18.12.1/.npm/bin:/home/tutuzera/.asdf/installs/nodejs/18.12.1/bin:/home/tutuzera/.asdf/shims:/home/tutuzera/.asdf/bin:/home/tutuzera/.local/share/zinit/polaris/bin:/usr/local/sbin:/usr/local/bin:/usr/sbin:/usr/bin:/sbin:/bin:/usr/games:/usr/local/games:/snap/bin:/snap/bin

Yarn version: 
  1.22.19

Node version: 
  18.12.1

Platform: 
  linux x64

Trace: 
  Error: canceled
      at Interface.<anonymous> (/home/tutuzera/.asdf/installs/nodejs/18.12.1/.npm/lib/node_modules/yarn/lib/cli.js:137150:13)
      at Interface.emit (node:events:513:28)
      at [_ttyWrite] [as _ttyWrite] (node:internal/readline/interface:1124:18)
      at ReadStream.onkeypress (node:internal/readline/interface:273:20)
      at ReadStream.emit (node:events:513:28)
      at emitKeys (node:internal/readline/utils:357:14)
      at emitKeys.next (<anonymous>)
      at ReadStream.onData (node:internal/readline/emitKeypressEvents:64:36)
      at ReadStream.emit (node:events:513:28)
      at addChunk (node:internal/streams/readable:324:12)

npm manifest: 
  No manifest

yarn manifest: 
  No manifest

Lockfile: 
  No lockfile
